Job <30519> is submitted to queue <I2100_PR>.
<<Waiting for dispatch ...>>
<<Starting on ICT-LSF49>>

                             Library Compiler (TM)

             Version O-2018.06-SP1 for linux64 - Jul 18, 2018 -SLE

                    Copyright (c) 1988 - 2018 Synopsys, Inc.
   This software and the associated documentation are proprietary to Synopsys,
 Inc. This software may only be used in accordance with the terms and conditions
 of a written license agreement with Synopsys, Inc. All other use, reproduction,
            or distribution of this software is strictly prohibited.

Initializing...
#hah foreach lib $all_libs  {read_lib $lib}
#hah foreach lib [get_object_name  [get_lib *]]  {write_lib -format db -output $lib.db   $lib}
set all_libs  [glob /eda_files/proj/ict8810/archive/11-ip/ddr_phy/INNO_PKG_DDR4_3_3L_COMBO_PHY_PRJ2403CAM1_S2403_V4P1_R20240722/FRONTEND/LIB/scan/lib/*lib]
/eda_files/proj/ict8810/archive/11-ip/ddr_phy/INNO_PKG_DDR4_3_3L_COMBO_PHY_PRJ2403CAM1_S2403_V4P1_R20240722/FRONTEND/LIB/scan/lib/inno_ddr_phy_hold_ff_cmax_125_scan.lib /eda_files/proj/ict8810/archive/11-ip/ddr_phy/INNO_PKG_DDR4_3_3L_COMBO_PHY_PRJ2403CAM1_S2403_V4P1_R20240722/FRONTEND/LIB/scan/lib/inno_ddr_phy_hold_ff_cmax_m40_scan.lib /eda_files/proj/ict8810/archive/11-ip/ddr_phy/INNO_PKG_DDR4_3_3L_COMBO_PHY_PRJ2403CAM1_S2403_V4P1_R20240722/FRONTEND/LIB/scan/lib/inno_ddr_phy_hold_ff_cmin_125_scan.lib /eda_files/proj/ict8810/archive/11-ip/ddr_phy/INNO_PKG_DDR4_3_3L_COMBO_PHY_PRJ2403CAM1_S2403_V4P1_R20240722/FRONTEND/LIB/scan/lib/inno_ddr_phy_hold_ff_cmin_m40_scan.lib /eda_files/proj/ict8810/archive/11-ip/ddr_phy/INNO_PKG_DDR4_3_3L_COMBO_PHY_PRJ2403CAM1_S2403_V4P1_R20240722/FRONTEND/LIB/scan/lib/inno_ddr_phy_hold_ff_rcmax_125_scan.lib /eda_files/proj/ict8810/archive/11-ip/ddr_phy/INNO_PKG_DDR4_3_3L_COMBO_PHY_PRJ2403CAM1_S2403_V4P1_R20240722/FRONTEND/LIB/scan/lib/inno_ddr_phy_hold_ff_rcmax_m40_scan.lib /eda_files/proj/ict8810/archive/11-ip/ddr_phy/INNO_PKG_DDR4_3_3L_COMBO_PHY_PRJ2403CAM1_S2403_V4P1_R20240722/FRONTEND/LIB/scan/lib/inno_ddr_phy_hold_ff_rcmin_125_scan.lib /eda_files/proj/ict8810/archive/11-ip/ddr_phy/INNO_PKG_DDR4_3_3L_COMBO_PHY_PRJ2403CAM1_S2403_V4P1_R20240722/FRONTEND/LIB/scan/lib/inno_ddr_phy_hold_ff_rcmin_m40_scan.lib /eda_files/proj/ict8810/archive/11-ip/ddr_phy/INNO_PKG_DDR4_3_3L_COMBO_PHY_PRJ2403CAM1_S2403_V4P1_R20240722/FRONTEND/LIB/scan/lib/inno_ddr_phy_hold_ss_cmax_125_scan.lib /eda_files/proj/ict8810/archive/11-ip/ddr_phy/INNO_PKG_DDR4_3_3L_COMBO_PHY_PRJ2403CAM1_S2403_V4P1_R20240722/FRONTEND/LIB/scan/lib/inno_ddr_phy_hold_ss_cmax_m40_scan.lib /eda_files/proj/ict8810/archive/11-ip/ddr_phy/INNO_PKG_DDR4_3_3L_COMBO_PHY_PRJ2403CAM1_S2403_V4P1_R20240722/FRONTEND/LIB/scan/lib/inno_ddr_phy_hold_ss_cmin_125_scan.lib /eda_files/proj/ict8810/archive/11-ip/ddr_phy/INNO_PKG_DDR4_3_3L_COMBO_PHY_PRJ2403CAM1_S2403_V4P1_R20240722/FRONTEND/LIB/scan/lib/inno_ddr_phy_hold_ss_cmin_m40_scan.lib /eda_files/proj/ict8810/archive/11-ip/ddr_phy/INNO_PKG_DDR4_3_3L_COMBO_PHY_PRJ2403CAM1_S2403_V4P1_R20240722/FRONTEND/LIB/scan/lib/inno_ddr_phy_hold_ss_rcmax_125_scan.lib /eda_files/proj/ict8810/archive/11-ip/ddr_phy/INNO_PKG_DDR4_3_3L_COMBO_PHY_PRJ2403CAM1_S2403_V4P1_R20240722/FRONTEND/LIB/scan/lib/inno_ddr_phy_hold_ss_rcmax_m40_scan.lib /eda_files/proj/ict8810/archive/11-ip/ddr_phy/INNO_PKG_DDR4_3_3L_COMBO_PHY_PRJ2403CAM1_S2403_V4P1_R20240722/FRONTEND/LIB/scan/lib/inno_ddr_phy_hold_ss_rcmin_125_scan.lib /eda_files/proj/ict8810/archive/11-ip/ddr_phy/INNO_PKG_DDR4_3_3L_COMBO_PHY_PRJ2403CAM1_S2403_V4P1_R20240722/FRONTEND/LIB/scan/lib/inno_ddr_phy_hold_ss_rcmin_m40_scan.lib /eda_files/proj/ict8810/archive/11-ip/ddr_phy/INNO_PKG_DDR4_3_3L_COMBO_PHY_PRJ2403CAM1_S2403_V4P1_R20240722/FRONTEND/LIB/scan/lib/inno_ddr_phy_setup_ss_cmax_T_125_scan.lib /eda_files/proj/ict8810/archive/11-ip/ddr_phy/INNO_PKG_DDR4_3_3L_COMBO_PHY_PRJ2403CAM1_S2403_V4P1_R20240722/FRONTEND/LIB/scan/lib/inno_ddr_phy_setup_ss_cmax_T_m40_scan.lib /eda_files/proj/ict8810/archive/11-ip/ddr_phy/INNO_PKG_DDR4_3_3L_COMBO_PHY_PRJ2403CAM1_S2403_V4P1_R20240722/FRONTEND/LIB/scan/lib/inno_ddr_phy_setup_ss_rcmax_T_125_scan.lib /eda_files/proj/ict8810/archive/11-ip/ddr_phy/INNO_PKG_DDR4_3_3L_COMBO_PHY_PRJ2403CAM1_S2403_V4P1_R20240722/FRONTEND/LIB/scan/lib/inno_ddr_phy_setup_ss_rcmax_T_m40_scan.lib /eda_files/proj/ict8810/archive/11-ip/ddr_phy/INNO_PKG_DDR4_3_3L_COMBO_PHY_PRJ2403CAM1_S2403_V4P1_R20240722/FRONTEND/LIB/scan/lib/inno_ddr_phy_setup_tt_cmax_T_85_scan.lib /eda_files/proj/ict8810/archive/11-ip/ddr_phy/INNO_PKG_DDR4_3_3L_COMBO_PHY_PRJ2403CAM1_S2403_V4P1_R20240722/FRONTEND/LIB/scan/lib/inno_ddr_phy_setup_tt_rcmax_T_85_scan.lib /eda_files/proj/ict8810/archive/11-ip/ddr_phy/INNO_PKG_DDR4_3_3L_COMBO_PHY_PRJ2403CAM1_S2403_V4P1_R20240722/FRONTEND/LIB/scan/lib/inno_ddr_phy_setup_tt_typ_25_scan.lib
foreach lib $all_libs {
	read_lib $lib
	set ip_name [get_object_name  [get_lib *]]
#	regexp ".*${ip_name}_(.*).lib" $lib a corner
	regexp ".*inno_ddr_phy_(.*).lib" $lib a corner
	write_lib -format db -output ${ip_name}.db $ip_name 
#	close_lib -all
	remove_lib -all
}
Reading '/eda_files/proj/ict8810/archive/11-ip/ddr_phy/INNO_PKG_DDR4_3_3L_COMBO_PHY_PRJ2403CAM1_S2403_V4P1_R20240722/FRONTEND/LIB/scan/lib/inno_ddr_phy_hold_ff_cmax_125_scan.lib' ...
Warning: Line 52905, Found a duplicate is_unconstrained attribute. Using the latest value. (LBDB-16)
Warning: Line 52916, Found a duplicate is_unconstrained attribute. Using the latest value. (LBDB-16)
Warning: Line 54066, Found a duplicate is_unconstrained attribute. Using the latest value. (LBDB-16)
Warning: Line 54078, Found a duplicate is_unconstrained attribute. Using the latest value. (LBDB-16)
Warning: Line 54089, Found a duplicate is_unconstrained attribute. Using the latest value. (LBDB-16)
Warning: Line 58299, Found a duplicate is_unconstrained attribute. Using the latest value. (LBDB-16)
Warning: Line 58310, Found a duplicate is_unconstrained attribute. Using the latest value. (LBDB-16)
Warning: Line 58321, Found a duplicate is_unconstrained attribute. Using the latest value. (LBDB-16)
Warning: Line 70501, Found a duplicate is_unconstrained attribute. Using the latest value. (LBDB-16)
Warning: Line 72116, Found a duplicate is_unconstrained attribute. Using the latest value. (LBDB-16)
Warning: Line 72250, Found a duplicate is_unconstrained attribute. Using the latest value. (LBDB-16)
Technology library 'inno_ddr_phy_hold_ff_cmax_125_scan' read successfully
Wrote the 'inno_ddr_phy_hold_ff_cmax_125_scan' library to '/eda_files/proj/ict8810/backend/zhurourou/work/lib2db/ddr/scan/inno_ddr_phy_hold_ff_cmax_125_scan.db' successfully
Removing library 'inno_ddr_phy_hold_ff_cmax_125_scan'
Reading '/eda_files/proj/ict8810/archive/11-ip/ddr_phy/INNO_PKG_DDR4_3_3L_COMBO_PHY_PRJ2403CAM1_S2403_V4P1_R20240722/FRONTEND/LIB/scan/lib/inno_ddr_phy_hold_ff_cmax_m40_scan.lib' ...
Warning: Line 52905, Found a duplicate is_unconstrained attribute. Using the latest value. (LBDB-16)
Warning: Line 52916, Found a duplicate is_unconstrained attribute. Using the latest value. (LBDB-16)
Warning: Line 54066, Found a duplicate is_unconstrained attribute. Using the latest value. (LBDB-16)
Warning: Line 54078, Found a duplicate is_unconstrained attribute. Using the latest value. (LBDB-16)
Warning: Line 54089, Found a duplicate is_unconstrained attribute. Using the latest value. (LBDB-16)
Warning: Line 58299, Found a duplicate is_unconstrained attribute. Using the latest value. (LBDB-16)
Warning: Line 58310, Found a duplicate is_unconstrained attribute. Using the latest value. (LBDB-16)
Warning: Line 58321, Found a duplicate is_unconstrained attribute. Using the latest value. (LBDB-16)
Warning: Line 70501, Found a duplicate is_unconstrained attribute. Using the latest value. (LBDB-16)
Warning: Line 72116, Found a duplicate is_unconstrained attribute. Using the latest value. (LBDB-16)
Warning: Line 72250, Found a duplicate is_unconstrained attribute. Using the latest value. (LBDB-16)
Technology library 'inno_ddr_phy_hold_ff_cmax_m40_scan' read successfully
Wrote the 'inno_ddr_phy_hold_ff_cmax_m40_scan' library to '/eda_files/proj/ict8810/backend/zhurourou/work/lib2db/ddr/scan/inno_ddr_phy_hold_ff_cmax_m40_scan.db' successfully
Removing library 'inno_ddr_phy_hold_ff_cmax_m40_scan'
Reading '/eda_files/proj/ict8810/archive/11-ip/ddr_phy/INNO_PKG_DDR4_3_3L_COMBO_PHY_PRJ2403CAM1_S2403_V4P1_R20240722/FRONTEND/LIB/scan/lib/inno_ddr_phy_hold_ff_cmin_125_scan.lib' ...
Warning: Line 52905, Found a duplicate is_unconstrained attribute. Using the latest value. (LBDB-16)
Warning: Line 52916, Found a duplicate is_unconstrained attribute. Using the latest value. (LBDB-16)
Warning: Line 54066, Found a duplicate is_unconstrained attribute. Using the latest value. (LBDB-16)
Warning: Line 54078, Found a duplicate is_unconstrained attribute. Using the latest value. (LBDB-16)
Warning: Line 54089, Found a duplicate is_unconstrained attribute. Using the latest value. (LBDB-16)
Warning: Line 58299, Found a duplicate is_unconstrained attribute. Using the latest value. (LBDB-16)
Warning: Line 58310, Found a duplicate is_unconstrained attribute. Using the latest value. (LBDB-16)
Warning: Line 58321, Found a duplicate is_unconstrained attribute. Using the latest value. (LBDB-16)
Warning: Line 70501, Found a duplicate is_unconstrained attribute. Using the latest value. (LBDB-16)
Warning: Line 72116, Found a duplicate is_unconstrained attribute. Using the latest value. (LBDB-16)
Warning: Line 72250, Found a duplicate is_unconstrained attribute. Using the latest value. (LBDB-16)
Technology library 'inno_ddr_phy_hold_ff_cmin_125_scan' read successfully
Wrote the 'inno_ddr_phy_hold_ff_cmin_125_scan' library to '/eda_files/proj/ict8810/backend/zhurourou/work/lib2db/ddr/scan/inno_ddr_phy_hold_ff_cmin_125_scan.db' successfully
Removing library 'inno_ddr_phy_hold_ff_cmin_125_scan'
Reading '/eda_files/proj/ict8810/archive/11-ip/ddr_phy/INNO_PKG_DDR4_3_3L_COMBO_PHY_PRJ2403CAM1_S2403_V4P1_R20240722/FRONTEND/LIB/scan/lib/inno_ddr_phy_hold_ff_cmin_m40_scan.lib' ...
Warning: Line 52905, Found a duplicate is_unconstrained attribute. Using the latest value. (LBDB-16)
Warning: Line 52916, Found a duplicate is_unconstrained attribute. Using the latest value. (LBDB-16)
Warning: Line 54066, Found a duplicate is_unconstrained attribute. Using the latest value. (LBDB-16)
Warning: Line 54078, Found a duplicate is_unconstrained attribute. Using the latest value. (LBDB-16)
Warning: Line 54089, Found a duplicate is_unconstrained attribute. Using the latest value. (LBDB-16)
Warning: Line 58299, Found a duplicate is_unconstrained attribute. Using the latest value. (LBDB-16)
Warning: Line 58310, Found a duplicate is_unconstrained attribute. Using the latest value. (LBDB-16)
Warning: Line 58321, Found a duplicate is_unconstrained attribute. Using the latest value. (LBDB-16)
Warning: Line 70501, Found a duplicate is_unconstrained attribute. Using the latest value. (LBDB-16)
Warning: Line 72116, Found a duplicate is_unconstrained attribute. Using the latest value. (LBDB-16)
Warning: Line 72250, Found a duplicate is_unconstrained attribute. Using the latest value. (LBDB-16)
Technology library 'inno_ddr_phy_hold_ff_cmin_m40_scan' read successfully
Wrote the 'inno_ddr_phy_hold_ff_cmin_m40_scan' library to '/eda_files/proj/ict8810/backend/zhurourou/work/lib2db/ddr/scan/inno_ddr_phy_hold_ff_cmin_m40_scan.db' successfully
Removing library 'inno_ddr_phy_hold_ff_cmin_m40_scan'
Reading '/eda_files/proj/ict8810/archive/11-ip/ddr_phy/INNO_PKG_DDR4_3_3L_COMBO_PHY_PRJ2403CAM1_S2403_V4P1_R20240722/FRONTEND/LIB/scan/lib/inno_ddr_phy_hold_ff_rcmax_125_scan.lib' ...
Warning: Line 52905, Found a duplicate is_unconstrained attribute. Using the latest value. (LBDB-16)
Warning: Line 52916, Found a duplicate is_unconstrained attribute. Using the latest value. (LBDB-16)
Warning: Line 54066, Found a duplicate is_unconstrained attribute. Using the latest value. (LBDB-16)
Warning: Line 54078, Found a duplicate is_unconstrained attribute. Using the latest value. (LBDB-16)
Warning: Line 54089, Found a duplicate is_unconstrained attribute. Using the latest value. (LBDB-16)
Warning: Line 58299, Found a duplicate is_unconstrained attribute. Using the latest value. (LBDB-16)
Warning: Line 58310, Found a duplicate is_unconstrained attribute. Using the latest value. (LBDB-16)
Warning: Line 58321, Found a duplicate is_unconstrained attribute. Using the latest value. (LBDB-16)
Warning: Line 70501, Found a duplicate is_unconstrained attribute. Using the latest value. (LBDB-16)
Warning: Line 72116, Found a duplicate is_unconstrained attribute. Using the latest value. (LBDB-16)
Warning: Line 72250, Found a duplicate is_unconstrained attribute. Using the latest value. (LBDB-16)
Technology library 'inno_ddr_phy_hold_ff_rcmax_125_scan' read successfully
Wrote the 'inno_ddr_phy_hold_ff_rcmax_125_scan' library to '/eda_files/proj/ict8810/backend/zhurourou/work/lib2db/ddr/scan/inno_ddr_phy_hold_ff_rcmax_125_scan.db' successfully
Removing library 'inno_ddr_phy_hold_ff_rcmax_125_scan'
Reading '/eda_files/proj/ict8810/archive/11-ip/ddr_phy/INNO_PKG_DDR4_3_3L_COMBO_PHY_PRJ2403CAM1_S2403_V4P1_R20240722/FRONTEND/LIB/scan/lib/inno_ddr_phy_hold_ff_rcmax_m40_scan.lib' ...
Warning: Line 52905, Found a duplicate is_unconstrained attribute. Using the latest value. (LBDB-16)
Warning: Line 52916, Found a duplicate is_unconstrained attribute. Using the latest value. (LBDB-16)
Warning: Line 54066, Found a duplicate is_unconstrained attribute. Using the latest value. (LBDB-16)
Warning: Line 54078, Found a duplicate is_unconstrained attribute. Using the latest value. (LBDB-16)
Warning: Line 54089, Found a duplicate is_unconstrained attribute. Using the latest value. (LBDB-16)
Warning: Line 58299, Found a duplicate is_unconstrained attribute. Using the latest value. (LBDB-16)
Warning: Line 58310, Found a duplicate is_unconstrained attribute. Using the latest value. (LBDB-16)
Warning: Line 58321, Found a duplicate is_unconstrained attribute. Using the latest value. (LBDB-16)
Warning: Line 70501, Found a duplicate is_unconstrained attribute. Using the latest value. (LBDB-16)
Warning: Line 72116, Found a duplicate is_unconstrained attribute. Using the latest value. (LBDB-16)
Warning: Line 72250, Found a duplicate is_unconstrained attribute. Using the latest value. (LBDB-16)
Technology library 'inno_ddr_phy_hold_ff_rcmax_m40_scan' read successfully
Wrote the 'inno_ddr_phy_hold_ff_rcmax_m40_scan' library to '/eda_files/proj/ict8810/backend/zhurourou/work/lib2db/ddr/scan/inno_ddr_phy_hold_ff_rcmax_m40_scan.db' successfully
Removing library 'inno_ddr_phy_hold_ff_rcmax_m40_scan'
Reading '/eda_files/proj/ict8810/archive/11-ip/ddr_phy/INNO_PKG_DDR4_3_3L_COMBO_PHY_PRJ2403CAM1_S2403_V4P1_R20240722/FRONTEND/LIB/scan/lib/inno_ddr_phy_hold_ff_rcmin_125_scan.lib' ...
Warning: Line 52905, Found a duplicate is_unconstrained attribute. Using the latest value. (LBDB-16)
Warning: Line 52916, Found a duplicate is_unconstrained attribute. Using the latest value. (LBDB-16)
Warning: Line 54066, Found a duplicate is_unconstrained attribute. Using the latest value. (LBDB-16)
Warning: Line 54078, Found a duplicate is_unconstrained attribute. Using the latest value. (LBDB-16)
Warning: Line 54089, Found a duplicate is_unconstrained attribute. Using the latest value. (LBDB-16)
Warning: Line 58299, Found a duplicate is_unconstrained attribute. Using the latest value. (LBDB-16)
Warning: Line 58310, Found a duplicate is_unconstrained attribute. Using the latest value. (LBDB-16)
Warning: Line 58321, Found a duplicate is_unconstrained attribute. Using the latest value. (LBDB-16)
Warning: Line 70501, Found a duplicate is_unconstrained attribute. Using the latest value. (LBDB-16)
Warning: Line 72116, Found a duplicate is_unconstrained attribute. Using the latest value. (LBDB-16)
Warning: Line 72250, Found a duplicate is_unconstrained attribute. Using the latest value. (LBDB-16)
Technology library 'inno_ddr_phy_hold_ff_rcmin_125_scan' read successfully
Wrote the 'inno_ddr_phy_hold_ff_rcmin_125_scan' library to '/eda_files/proj/ict8810/backend/zhurourou/work/lib2db/ddr/scan/inno_ddr_phy_hold_ff_rcmin_125_scan.db' successfully
Removing library 'inno_ddr_phy_hold_ff_rcmin_125_scan'
Reading '/eda_files/proj/ict8810/archive/11-ip/ddr_phy/INNO_PKG_DDR4_3_3L_COMBO_PHY_PRJ2403CAM1_S2403_V4P1_R20240722/FRONTEND/LIB/scan/lib/inno_ddr_phy_hold_ff_rcmin_m40_scan.lib' ...
Warning: Line 52905, Found a duplicate is_unconstrained attribute. Using the latest value. (LBDB-16)
Warning: Line 52916, Found a duplicate is_unconstrained attribute. Using the latest value. (LBDB-16)
Warning: Line 54066, Found a duplicate is_unconstrained attribute. Using the latest value. (LBDB-16)
Warning: Line 54078, Found a duplicate is_unconstrained attribute. Using the latest value. (LBDB-16)
Warning: Line 54089, Found a duplicate is_unconstrained attribute. Using the latest value. (LBDB-16)
Warning: Line 58299, Found a duplicate is_unconstrained attribute. Using the latest value. (LBDB-16)
Warning: Line 58310, Found a duplicate is_unconstrained attribute. Using the latest value. (LBDB-16)
Warning: Line 58321, Found a duplicate is_unconstrained attribute. Using the latest value. (LBDB-16)
Warning: Line 70501, Found a duplicate is_unconstrained attribute. Using the latest value. (LBDB-16)
Warning: Line 72116, Found a duplicate is_unconstrained attribute. Using the latest value. (LBDB-16)
Warning: Line 72250, Found a duplicate is_unconstrained attribute. Using the latest value. (LBDB-16)
Technology library 'inno_ddr_phy_hold_ff_rcmin_m40_scan' read successfully
Wrote the 'inno_ddr_phy_hold_ff_rcmin_m40_scan' library to '/eda_files/proj/ict8810/backend/zhurourou/work/lib2db/ddr/scan/inno_ddr_phy_hold_ff_rcmin_m40_scan.db' successfully
Removing library 'inno_ddr_phy_hold_ff_rcmin_m40_scan'
Reading '/eda_files/proj/ict8810/archive/11-ip/ddr_phy/INNO_PKG_DDR4_3_3L_COMBO_PHY_PRJ2403CAM1_S2403_V4P1_R20240722/FRONTEND/LIB/scan/lib/inno_ddr_phy_hold_ss_cmax_125_scan.lib' ...
Warning: Line 52905, Found a duplicate is_unconstrained attribute. Using the latest value. (LBDB-16)
Warning: Line 52916, Found a duplicate is_unconstrained attribute. Using the latest value. (LBDB-16)
Warning: Line 54066, Found a duplicate is_unconstrained attribute. Using the latest value. (LBDB-16)
Warning: Line 54078, Found a duplicate is_unconstrained attribute. Using the latest value. (LBDB-16)
Warning: Line 54089, Found a duplicate is_unconstrained attribute. Using the latest value. (LBDB-16)
Warning: Line 58299, Found a duplicate is_unconstrained attribute. Using the latest value. (LBDB-16)
Warning: Line 58310, Found a duplicate is_unconstrained attribute. Using the latest value. (LBDB-16)
Warning: Line 58321, Found a duplicate is_unconstrained attribute. Using the latest value. (LBDB-16)
Warning: Line 70501, Found a duplicate is_unconstrained attribute. Using the latest value. (LBDB-16)
Warning: Line 72116, Found a duplicate is_unconstrained attribute. Using the latest value. (LBDB-16)
Warning: Line 72250, Found a duplicate is_unconstrained attribute. Using the latest value. (LBDB-16)
Technology library 'inno_ddr_phy_hold_ss_cmax_125_scan' read successfully
Wrote the 'inno_ddr_phy_hold_ss_cmax_125_scan' library to '/eda_files/proj/ict8810/backend/zhurourou/work/lib2db/ddr/scan/inno_ddr_phy_hold_ss_cmax_125_scan.db' successfully
Removing library 'inno_ddr_phy_hold_ss_cmax_125_scan'
Reading '/eda_files/proj/ict8810/archive/11-ip/ddr_phy/INNO_PKG_DDR4_3_3L_COMBO_PHY_PRJ2403CAM1_S2403_V4P1_R20240722/FRONTEND/LIB/scan/lib/inno_ddr_phy_hold_ss_cmax_m40_scan.lib' ...
Warning: Line 52905, Found a duplicate is_unconstrained attribute. Using the latest value. (LBDB-16)
Warning: Line 52916, Found a duplicate is_unconstrained attribute. Using the latest value. (LBDB-16)
Warning: Line 54066, Found a duplicate is_unconstrained attribute. Using the latest value. (LBDB-16)
Warning: Line 54078, Found a duplicate is_unconstrained attribute. Using the latest value. (LBDB-16)
Warning: Line 54089, Found a duplicate is_unconstrained attribute. Using the latest value. (LBDB-16)
Warning: Line 58299, Found a duplicate is_unconstrained attribute. Using the latest value. (LBDB-16)
Warning: Line 58310, Found a duplicate is_unconstrained attribute. Using the latest value. (LBDB-16)
Warning: Line 58321, Found a duplicate is_unconstrained attribute. Using the latest value. (LBDB-16)
Warning: Line 70501, Found a duplicate is_unconstrained attribute. Using the latest value. (LBDB-16)
Warning: Line 72116, Found a duplicate is_unconstrained attribute. Using the latest value. (LBDB-16)
Warning: Line 72250, Found a duplicate is_unconstrained attribute. Using the latest value. (LBDB-16)
Technology library 'inno_ddr_phy_hold_ss_cmax_m40_scan' read successfully
Wrote the 'inno_ddr_phy_hold_ss_cmax_m40_scan' library to '/eda_files/proj/ict8810/backend/zhurourou/work/lib2db/ddr/scan/inno_ddr_phy_hold_ss_cmax_m40_scan.db' successfully
Removing library 'inno_ddr_phy_hold_ss_cmax_m40_scan'
Reading '/eda_files/proj/ict8810/archive/11-ip/ddr_phy/INNO_PKG_DDR4_3_3L_COMBO_PHY_PRJ2403CAM1_S2403_V4P1_R20240722/FRONTEND/LIB/scan/lib/inno_ddr_phy_hold_ss_cmin_125_scan.lib' ...
Warning: Line 52905, Found a duplicate is_unconstrained attribute. Using the latest value. (LBDB-16)
Warning: Line 52916, Found a duplicate is_unconstrained attribute. Using the latest value. (LBDB-16)
Warning: Line 54066, Found a duplicate is_unconstrained attribute. Using the latest value. (LBDB-16)
Warning: Line 54078, Found a duplicate is_unconstrained attribute. Using the latest value. (LBDB-16)
Warning: Line 54089, Found a duplicate is_unconstrained attribute. Using the latest value. (LBDB-16)
Warning: Line 58299, Found a duplicate is_unconstrained attribute. Using the latest value. (LBDB-16)
Warning: Line 58310, Found a duplicate is_unconstrained attribute. Using the latest value. (LBDB-16)
Warning: Line 58321, Found a duplicate is_unconstrained attribute. Using the latest value. (LBDB-16)
Warning: Line 70501, Found a duplicate is_unconstrained attribute. Using the latest value. (LBDB-16)
Warning: Line 72116, Found a duplicate is_unconstrained attribute. Using the latest value. (LBDB-16)
Warning: Line 72250, Found a duplicate is_unconstrained attribute. Using the latest value. (LBDB-16)
Technology library 'inno_ddr_phy_hold_ss_cmin_125_scan' read successfully
Wrote the 'inno_ddr_phy_hold_ss_cmin_125_scan' library to '/eda_files/proj/ict8810/backend/zhurourou/work/lib2db/ddr/scan/inno_ddr_phy_hold_ss_cmin_125_scan.db' successfully
Removing library 'inno_ddr_phy_hold_ss_cmin_125_scan'
Reading '/eda_files/proj/ict8810/archive/11-ip/ddr_phy/INNO_PKG_DDR4_3_3L_COMBO_PHY_PRJ2403CAM1_S2403_V4P1_R20240722/FRONTEND/LIB/scan/lib/inno_ddr_phy_hold_ss_cmin_m40_scan.lib' ...
Warning: Line 52905, Found a duplicate is_unconstrained attribute. Using the latest value. (LBDB-16)
Warning: Line 52916, Found a duplicate is_unconstrained attribute. Using the latest value. (LBDB-16)
Warning: Line 54066, Found a duplicate is_unconstrained attribute. Using the latest value. (LBDB-16)
Warning: Line 54078, Found a duplicate is_unconstrained attribute. Using the latest value. (LBDB-16)
Warning: Line 54089, Found a duplicate is_unconstrained attribute. Using the latest value. (LBDB-16)
Warning: Line 58299, Found a duplicate is_unconstrained attribute. Using the latest value. (LBDB-16)
Warning: Line 58310, Found a duplicate is_unconstrained attribute. Using the latest value. (LBDB-16)
Warning: Line 58321, Found a duplicate is_unconstrained attribute. Using the latest value. (LBDB-16)
Warning: Line 70501, Found a duplicate is_unconstrained attribute. Using the latest value. (LBDB-16)
Warning: Line 72116, Found a duplicate is_unconstrained attribute. Using the latest value. (LBDB-16)
Warning: Line 72250, Found a duplicate is_unconstrained attribute. Using the latest value. (LBDB-16)
Technology library 'inno_ddr_phy_hold_ss_cmin_m40_scan' read successfully
Wrote the 'inno_ddr_phy_hold_ss_cmin_m40_scan' library to '/eda_files/proj/ict8810/backend/zhurourou/work/lib2db/ddr/scan/inno_ddr_phy_hold_ss_cmin_m40_scan.db' successfully
Removing library 'inno_ddr_phy_hold_ss_cmin_m40_scan'
Reading '/eda_files/proj/ict8810/archive/11-ip/ddr_phy/INNO_PKG_DDR4_3_3L_COMBO_PHY_PRJ2403CAM1_S2403_V4P1_R20240722/FRONTEND/LIB/scan/lib/inno_ddr_phy_hold_ss_rcmax_125_scan.lib' ...
Warning: Line 52905, Found a duplicate is_unconstrained attribute. Using the latest value. (LBDB-16)
Warning: Line 52916, Found a duplicate is_unconstrained attribute. Using the latest value. (LBDB-16)
Warning: Line 54066, Found a duplicate is_unconstrained attribute. Using the latest value. (LBDB-16)
Warning: Line 54078, Found a duplicate is_unconstrained attribute. Using the latest value. (LBDB-16)
Warning: Line 54089, Found a duplicate is_unconstrained attribute. Using the latest value. (LBDB-16)
Warning: Line 58299, Found a duplicate is_unconstrained attribute. Using the latest value. (LBDB-16)
Warning: Line 58310, Found a duplicate is_unconstrained attribute. Using the latest value. (LBDB-16)
Warning: Line 58321, Found a duplicate is_unconstrained attribute. Using the latest value. (LBDB-16)
Warning: Line 70501, Found a duplicate is_unconstrained attribute. Using the latest value. (LBDB-16)
Warning: Line 72116, Found a duplicate is_unconstrained attribute. Using the latest value. (LBDB-16)
Warning: Line 72250, Found a duplicate is_unconstrained attribute. Using the latest value. (LBDB-16)
Technology library 'inno_ddr_phy_hold_ss_rcmax_125_scan' read successfully
Wrote the 'inno_ddr_phy_hold_ss_rcmax_125_scan' library to '/eda_files/proj/ict8810/backend/zhurourou/work/lib2db/ddr/scan/inno_ddr_phy_hold_ss_rcmax_125_scan.db' successfully
Removing library 'inno_ddr_phy_hold_ss_rcmax_125_scan'
Reading '/eda_files/proj/ict8810/archive/11-ip/ddr_phy/INNO_PKG_DDR4_3_3L_COMBO_PHY_PRJ2403CAM1_S2403_V4P1_R20240722/FRONTEND/LIB/scan/lib/inno_ddr_phy_hold_ss_rcmax_m40_scan.lib' ...
Warning: Line 52905, Found a duplicate is_unconstrained attribute. Using the latest value. (LBDB-16)
Warning: Line 52916, Found a duplicate is_unconstrained attribute. Using the latest value. (LBDB-16)
Warning: Line 54066, Found a duplicate is_unconstrained attribute. Using the latest value. (LBDB-16)
Warning: Line 54078, Found a duplicate is_unconstrained attribute. Using the latest value. (LBDB-16)
Warning: Line 54089, Found a duplicate is_unconstrained attribute. Using the latest value. (LBDB-16)
Warning: Line 58299, Found a duplicate is_unconstrained attribute. Using the latest value. (LBDB-16)
Warning: Line 58310, Found a duplicate is_unconstrained attribute. Using the latest value. (LBDB-16)
Warning: Line 58321, Found a duplicate is_unconstrained attribute. Using the latest value. (LBDB-16)
Warning: Line 70501, Found a duplicate is_unconstrained attribute. Using the latest value. (LBDB-16)
Warning: Line 72116, Found a duplicate is_unconstrained attribute. Using the latest value. (LBDB-16)
Warning: Line 72250, Found a duplicate is_unconstrained attribute. Using the latest value. (LBDB-16)
Technology library 'inno_ddr_phy_hold_ss_rcmax_m40_scan' read successfully
Wrote the 'inno_ddr_phy_hold_ss_rcmax_m40_scan' library to '/eda_files/proj/ict8810/backend/zhurourou/work/lib2db/ddr/scan/inno_ddr_phy_hold_ss_rcmax_m40_scan.db' successfully
Removing library 'inno_ddr_phy_hold_ss_rcmax_m40_scan'
Reading '/eda_files/proj/ict8810/archive/11-ip/ddr_phy/INNO_PKG_DDR4_3_3L_COMBO_PHY_PRJ2403CAM1_S2403_V4P1_R20240722/FRONTEND/LIB/scan/lib/inno_ddr_phy_hold_ss_rcmin_125_scan.lib' ...
Warning: Line 52905, Found a duplicate is_unconstrained attribute. Using the latest value. (LBDB-16)
Warning: Line 52916, Found a duplicate is_unconstrained attribute. Using the latest value. (LBDB-16)
Warning: Line 54066, Found a duplicate is_unconstrained attribute. Using the latest value. (LBDB-16)
Warning: Line 54078, Found a duplicate is_unconstrained attribute. Using the latest value. (LBDB-16)
Warning: Line 54089, Found a duplicate is_unconstrained attribute. Using the latest value. (LBDB-16)
Warning: Line 58299, Found a duplicate is_unconstrained attribute. Using the latest value. (LBDB-16)
Warning: Line 58310, Found a duplicate is_unconstrained attribute. Using the latest value. (LBDB-16)
Warning: Line 58321, Found a duplicate is_unconstrained attribute. Using the latest value. (LBDB-16)
Warning: Line 70501, Found a duplicate is_unconstrained attribute. Using the latest value. (LBDB-16)
Warning: Line 72116, Found a duplicate is_unconstrained attribute. Using the latest value. (LBDB-16)
Warning: Line 72250, Found a duplicate is_unconstrained attribute. Using the latest value. (LBDB-16)
Technology library 'inno_ddr_phy_hold_ss_rcmin_125_scan' read successfully
Wrote the 'inno_ddr_phy_hold_ss_rcmin_125_scan' library to '/eda_files/proj/ict8810/backend/zhurourou/work/lib2db/ddr/scan/inno_ddr_phy_hold_ss_rcmin_125_scan.db' successfully
Removing library 'inno_ddr_phy_hold_ss_rcmin_125_scan'
Reading '/eda_files/proj/ict8810/archive/11-ip/ddr_phy/INNO_PKG_DDR4_3_3L_COMBO_PHY_PRJ2403CAM1_S2403_V4P1_R20240722/FRONTEND/LIB/scan/lib/inno_ddr_phy_hold_ss_rcmin_m40_scan.lib' ...
Warning: Line 52905, Found a duplicate is_unconstrained attribute. Using the latest value. (LBDB-16)
Warning: Line 52916, Found a duplicate is_unconstrained attribute. Using the latest value. (LBDB-16)
Warning: Line 54066, Found a duplicate is_unconstrained attribute. Using the latest value. (LBDB-16)
Warning: Line 54078, Found a duplicate is_unconstrained attribute. Using the latest value. (LBDB-16)
Warning: Line 54089, Found a duplicate is_unconstrained attribute. Using the latest value. (LBDB-16)
Warning: Line 58299, Found a duplicate is_unconstrained attribute. Using the latest value. (LBDB-16)
Warning: Line 58310, Found a duplicate is_unconstrained attribute. Using the latest value. (LBDB-16)
Warning: Line 58321, Found a duplicate is_unconstrained attribute. Using the latest value. (LBDB-16)
Warning: Line 70501, Found a duplicate is_unconstrained attribute. Using the latest value. (LBDB-16)
Warning: Line 72116, Found a duplicate is_unconstrained attribute. Using the latest value. (LBDB-16)
Warning: Line 72250, Found a duplicate is_unconstrained attribute. Using the latest value. (LBDB-16)
Technology library 'inno_ddr_phy_hold_ss_rcmin_m40_scan' read successfully
Wrote the 'inno_ddr_phy_hold_ss_rcmin_m40_scan' library to '/eda_files/proj/ict8810/backend/zhurourou/work/lib2db/ddr/scan/inno_ddr_phy_hold_ss_rcmin_m40_scan.db' successfully
Removing library 'inno_ddr_phy_hold_ss_rcmin_m40_scan'
Reading '/eda_files/proj/ict8810/archive/11-ip/ddr_phy/INNO_PKG_DDR4_3_3L_COMBO_PHY_PRJ2403CAM1_S2403_V4P1_R20240722/FRONTEND/LIB/scan/lib/inno_ddr_phy_setup_ss_cmax_T_125_scan.lib' ...
Warning: Line 52905, Found a duplicate is_unconstrained attribute. Using the latest value. (LBDB-16)
Warning: Line 52916, Found a duplicate is_unconstrained attribute. Using the latest value. (LBDB-16)
Warning: Line 54066, Found a duplicate is_unconstrained attribute. Using the latest value. (LBDB-16)
Warning: Line 54078, Found a duplicate is_unconstrained attribute. Using the latest value. (LBDB-16)
Warning: Line 54089, Found a duplicate is_unconstrained attribute. Using the latest value. (LBDB-16)
Warning: Line 58299, Found a duplicate is_unconstrained attribute. Using the latest value. (LBDB-16)
Warning: Line 58310, Found a duplicate is_unconstrained attribute. Using the latest value. (LBDB-16)
Warning: Line 58321, Found a duplicate is_unconstrained attribute. Using the latest value. (LBDB-16)
Warning: Line 70501, Found a duplicate is_unconstrained attribute. Using the latest value. (LBDB-16)
Warning: Line 72116, Found a duplicate is_unconstrained attribute. Using the latest value. (LBDB-16)
Warning: Line 72250, Found a duplicate is_unconstrained attribute. Using the latest value. (LBDB-16)
Technology library 'inno_ddr_phy_setup_ss_cmax_T_125_scan' read successfully
Wrote the 'inno_ddr_phy_setup_ss_cmax_T_125_scan' library to '/eda_files/proj/ict8810/backend/zhurourou/work/lib2db/ddr/scan/inno_ddr_phy_setup_ss_cmax_T_125_scan.db' successfully
Removing library 'inno_ddr_phy_setup_ss_cmax_T_125_scan'
Reading '/eda_files/proj/ict8810/archive/11-ip/ddr_phy/INNO_PKG_DDR4_3_3L_COMBO_PHY_PRJ2403CAM1_S2403_V4P1_R20240722/FRONTEND/LIB/scan/lib/inno_ddr_phy_setup_ss_cmax_T_m40_scan.lib' ...
Warning: Line 52905, Found a duplicate is_unconstrained attribute. Using the latest value. (LBDB-16)
Warning: Line 52916, Found a duplicate is_unconstrained attribute. Using the latest value. (LBDB-16)
Warning: Line 54066, Found a duplicate is_unconstrained attribute. Using the latest value. (LBDB-16)
Warning: Line 54078, Found a duplicate is_unconstrained attribute. Using the latest value. (LBDB-16)
Warning: Line 54089, Found a duplicate is_unconstrained attribute. Using the latest value. (LBDB-16)
Warning: Line 58299, Found a duplicate is_unconstrained attribute. Using the latest value. (LBDB-16)
Warning: Line 58310, Found a duplicate is_unconstrained attribute. Using the latest value. (LBDB-16)
Warning: Line 58321, Found a duplicate is_unconstrained attribute. Using the latest value. (LBDB-16)
Warning: Line 70501, Found a duplicate is_unconstrained attribute. Using the latest value. (LBDB-16)
Warning: Line 72116, Found a duplicate is_unconstrained attribute. Using the latest value. (LBDB-16)
Warning: Line 72250, Found a duplicate is_unconstrained attribute. Using the latest value. (LBDB-16)
Technology library 'inno_ddr_phy_setup_ss_cmax_T_m40_scan' read successfully
Wrote the 'inno_ddr_phy_setup_ss_cmax_T_m40_scan' library to '/eda_files/proj/ict8810/backend/zhurourou/work/lib2db/ddr/scan/inno_ddr_phy_setup_ss_cmax_T_m40_scan.db' successfully
Removing library 'inno_ddr_phy_setup_ss_cmax_T_m40_scan'
Reading '/eda_files/proj/ict8810/archive/11-ip/ddr_phy/INNO_PKG_DDR4_3_3L_COMBO_PHY_PRJ2403CAM1_S2403_V4P1_R20240722/FRONTEND/LIB/scan/lib/inno_ddr_phy_setup_ss_rcmax_T_125_scan.lib' ...
Warning: Line 52905, Found a duplicate is_unconstrained attribute. Using the latest value. (LBDB-16)
Warning: Line 52916, Found a duplicate is_unconstrained attribute. Using the latest value. (LBDB-16)
Warning: Line 54066, Found a duplicate is_unconstrained attribute. Using the latest value. (LBDB-16)
Warning: Line 54078, Found a duplicate is_unconstrained attribute. Using the latest value. (LBDB-16)
Warning: Line 54089, Found a duplicate is_unconstrained attribute. Using the latest value. (LBDB-16)
Warning: Line 58299, Found a duplicate is_unconstrained attribute. Using the latest value. (LBDB-16)
Warning: Line 58310, Found a duplicate is_unconstrained attribute. Using the latest value. (LBDB-16)
Warning: Line 58321, Found a duplicate is_unconstrained attribute. Using the latest value. (LBDB-16)
Warning: Line 70501, Found a duplicate is_unconstrained attribute. Using the latest value. (LBDB-16)
Warning: Line 72116, Found a duplicate is_unconstrained attribute. Using the latest value. (LBDB-16)
Warning: Line 72250, Found a duplicate is_unconstrained attribute. Using the latest value. (LBDB-16)
Technology library 'inno_ddr_phy_setup_ss_rcmax_T_125_scan' read successfully
Wrote the 'inno_ddr_phy_setup_ss_rcmax_T_125_scan' library to '/eda_files/proj/ict8810/backend/zhurourou/work/lib2db/ddr/scan/inno_ddr_phy_setup_ss_rcmax_T_125_scan.db' successfully
Removing library 'inno_ddr_phy_setup_ss_rcmax_T_125_scan'
Reading '/eda_files/proj/ict8810/archive/11-ip/ddr_phy/INNO_PKG_DDR4_3_3L_COMBO_PHY_PRJ2403CAM1_S2403_V4P1_R20240722/FRONTEND/LIB/scan/lib/inno_ddr_phy_setup_ss_rcmax_T_m40_scan.lib' ...
Warning: Line 52905, Found a duplicate is_unconstrained attribute. Using the latest value. (LBDB-16)
Warning: Line 52916, Found a duplicate is_unconstrained attribute. Using the latest value. (LBDB-16)
Warning: Line 54066, Found a duplicate is_unconstrained attribute. Using the latest value. (LBDB-16)
Warning: Line 54078, Found a duplicate is_unconstrained attribute. Using the latest value. (LBDB-16)
Warning: Line 54089, Found a duplicate is_unconstrained attribute. Using the latest value. (LBDB-16)
Warning: Line 58299, Found a duplicate is_unconstrained attribute. Using the latest value. (LBDB-16)
Warning: Line 58310, Found a duplicate is_unconstrained attribute. Using the latest value. (LBDB-16)
Warning: Line 58321, Found a duplicate is_unconstrained attribute. Using the latest value. (LBDB-16)
Warning: Line 70501, Found a duplicate is_unconstrained attribute. Using the latest value. (LBDB-16)
Warning: Line 72116, Found a duplicate is_unconstrained attribute. Using the latest value. (LBDB-16)
Warning: Line 72250, Found a duplicate is_unconstrained attribute. Using the latest value. (LBDB-16)
Technology library 'inno_ddr_phy_setup_ss_rcmax_T_m40_scan' read successfully
Wrote the 'inno_ddr_phy_setup_ss_rcmax_T_m40_scan' library to '/eda_files/proj/ict8810/backend/zhurourou/work/lib2db/ddr/scan/inno_ddr_phy_setup_ss_rcmax_T_m40_scan.db' successfully
Removing library 'inno_ddr_phy_setup_ss_rcmax_T_m40_scan'
Reading '/eda_files/proj/ict8810/archive/11-ip/ddr_phy/INNO_PKG_DDR4_3_3L_COMBO_PHY_PRJ2403CAM1_S2403_V4P1_R20240722/FRONTEND/LIB/scan/lib/inno_ddr_phy_setup_tt_cmax_T_85_scan.lib' ...
Warning: Line 52905, Found a duplicate is_unconstrained attribute. Using the latest value. (LBDB-16)
Warning: Line 52916, Found a duplicate is_unconstrained attribute. Using the latest value. (LBDB-16)
Warning: Line 54066, Found a duplicate is_unconstrained attribute. Using the latest value. (LBDB-16)
Warning: Line 54078, Found a duplicate is_unconstrained attribute. Using the latest value. (LBDB-16)
Warning: Line 54089, Found a duplicate is_unconstrained attribute. Using the latest value. (LBDB-16)
Warning: Line 58299, Found a duplicate is_unconstrained attribute. Using the latest value. (LBDB-16)
Warning: Line 58310, Found a duplicate is_unconstrained attribute. Using the latest value. (LBDB-16)
Warning: Line 58321, Found a duplicate is_unconstrained attribute. Using the latest value. (LBDB-16)
Warning: Line 70501, Found a duplicate is_unconstrained attribute. Using the latest value. (LBDB-16)
Warning: Line 72116, Found a duplicate is_unconstrained attribute. Using the latest value. (LBDB-16)
Warning: Line 72250, Found a duplicate is_unconstrained attribute. Using the latest value. (LBDB-16)
Technology library 'inno_ddr_phy_setup_tt_cmax_T_85_scan' read successfully
Wrote the 'inno_ddr_phy_setup_tt_cmax_T_85_scan' library to '/eda_files/proj/ict8810/backend/zhurourou/work/lib2db/ddr/scan/inno_ddr_phy_setup_tt_cmax_T_85_scan.db' successfully
Removing library 'inno_ddr_phy_setup_tt_cmax_T_85_scan'
Reading '/eda_files/proj/ict8810/archive/11-ip/ddr_phy/INNO_PKG_DDR4_3_3L_COMBO_PHY_PRJ2403CAM1_S2403_V4P1_R20240722/FRONTEND/LIB/scan/lib/inno_ddr_phy_setup_tt_rcmax_T_85_scan.lib' ...
Warning: Line 52905, Found a duplicate is_unconstrained attribute. Using the latest value. (LBDB-16)
Warning: Line 52916, Found a duplicate is_unconstrained attribute. Using the latest value. (LBDB-16)
Warning: Line 54066, Found a duplicate is_unconstrained attribute. Using the latest value. (LBDB-16)
Warning: Line 54078, Found a duplicate is_unconstrained attribute. Using the latest value. (LBDB-16)
Warning: Line 54089, Found a duplicate is_unconstrained attribute. Using the latest value. (LBDB-16)
Warning: Line 58299, Found a duplicate is_unconstrained attribute. Using the latest value. (LBDB-16)
Warning: Line 58310, Found a duplicate is_unconstrained attribute. Using the latest value. (LBDB-16)
Warning: Line 58321, Found a duplicate is_unconstrained attribute. Using the latest value. (LBDB-16)
Warning: Line 70501, Found a duplicate is_unconstrained attribute. Using the latest value. (LBDB-16)
Warning: Line 72116, Found a duplicate is_unconstrained attribute. Using the latest value. (LBDB-16)
Warning: Line 72250, Found a duplicate is_unconstrained attribute. Using the latest value. (LBDB-16)
Technology library 'inno_ddr_phy_setup_tt_rcmax_T_85_scan' read successfully
Wrote the 'inno_ddr_phy_setup_tt_rcmax_T_85_scan' library to '/eda_files/proj/ict8810/backend/zhurourou/work/lib2db/ddr/scan/inno_ddr_phy_setup_tt_rcmax_T_85_scan.db' successfully
Removing library 'inno_ddr_phy_setup_tt_rcmax_T_85_scan'
Reading '/eda_files/proj/ict8810/archive/11-ip/ddr_phy/INNO_PKG_DDR4_3_3L_COMBO_PHY_PRJ2403CAM1_S2403_V4P1_R20240722/FRONTEND/LIB/scan/lib/inno_ddr_phy_setup_tt_typ_25_scan.lib' ...
Warning: Line 52905, Found a duplicate is_unconstrained attribute. Using the latest value. (LBDB-16)
Warning: Line 52916, Found a duplicate is_unconstrained attribute. Using the latest value. (LBDB-16)
Warning: Line 54066, Found a duplicate is_unconstrained attribute. Using the latest value. (LBDB-16)
Warning: Line 54078, Found a duplicate is_unconstrained attribute. Using the latest value. (LBDB-16)
Warning: Line 54089, Found a duplicate is_unconstrained attribute. Using the latest value. (LBDB-16)
Warning: Line 58299, Found a duplicate is_unconstrained attribute. Using the latest value. (LBDB-16)
Warning: Line 58310, Found a duplicate is_unconstrained attribute. Using the latest value. (LBDB-16)
Warning: Line 58321, Found a duplicate is_unconstrained attribute. Using the latest value. (LBDB-16)
Warning: Line 70501, Found a duplicate is_unconstrained attribute. Using the latest value. (LBDB-16)
Warning: Line 72116, Found a duplicate is_unconstrained attribute. Using the latest value. (LBDB-16)
Warning: Line 72250, Found a duplicate is_unconstrained attribute. Using the latest value. (LBDB-16)
Technology library 'inno_ddr_phy_setup_tt_typ_25_scan' read successfully
Wrote the 'inno_ddr_phy_setup_tt_typ_25_scan' library to '/eda_files/proj/ict8810/backend/zhurourou/work/lib2db/ddr/scan/inno_ddr_phy_setup_tt_typ_25_scan.db' successfully
Removing library 'inno_ddr_phy_setup_tt_typ_25_scan'
#sh rm lc_output.txt
#sh rm lc_command.log
exit
Maximum memory usage for this session: 93.84 MB
CPU usage for this session:      8 seconds (  0.00 hours)
Elapsed time for this session:     12 seconds (  0.00 hours)
Thank you for using Library Compiler.
Memory usage for this session 93 Mbytes.
CPU usage for this session 8 seconds ( 0.00 hours ).

Thank you...
