Job <981214> is submitted to queue <I2100_PR>.
<<Waiting for dispatch ...>>
<<Starting on ICT-LSF48>>

                             Library Compiler (TM)

             Version O-2018.06-SP1 for linux64 - Jul 18, 2018 -SLE

                    Copyright (c) 1988 - 2018 Synopsys, Inc.
   This software and the associated documentation are proprietary to Synopsys,
 Inc. This software may only be used in accordance with the terms and conditions
 of a written license agreement with Synopsys, Inc. All other use, reproduction,
            or distribution of this software is strictly prohibited.

Initializing...
#hah foreach lib $all_libs  {read_lib $lib}
#hah foreach lib [get_object_name  [get_lib *]]  {write_lib -format db -output $lib.db   $lib}
#set all_libs  [glob /eda_files/pub/library/umc/umc28hpcplus/tech_file/10-IP_Category/efuse/synopsys/*lib]
set all_libs  [glob /eda_files/pub/library/umc/umc28hpcplus_vct/09-IP_Category/G-9MT-LOGIC_MIXED_MODE28N-HPC+_UM028EFUCP01603218400-MEMORY_TAPE_OUT_KIT-Ver.A02_PB/synopsys/*lib]
/eda_files/pub/library/umc/umc28hpcplus_vct/09-IP_Category/G-9MT-LOGIC_MIXED_MODE28N-HPC+_UM028EFUCP01603218400-MEMORY_TAPE_OUT_KIT-Ver.A02_PB/synopsys/u028efucp01603218400_bc.lib /eda_files/pub/library/umc/umc28hpcplus_vct/09-IP_Category/G-9MT-LOGIC_MIXED_MODE28N-HPC+_UM028EFUCP01603218400-MEMORY_TAPE_OUT_KIT-Ver.A02_PB/synopsys/u028efucp01603218400_lt.lib /eda_files/pub/library/umc/umc28hpcplus_vct/09-IP_Category/G-9MT-LOGIC_MIXED_MODE28N-HPC+_UM028EFUCP01603218400-MEMORY_TAPE_OUT_KIT-Ver.A02_PB/synopsys/u028efucp01603218400_ml.lib /eda_files/pub/library/umc/umc28hpcplus_vct/09-IP_Category/G-9MT-LOGIC_MIXED_MODE28N-HPC+_UM028EFUCP01603218400-MEMORY_TAPE_OUT_KIT-Ver.A02_PB/synopsys/u028efucp01603218400_tc.lib /eda_files/pub/library/umc/umc28hpcplus_vct/09-IP_Category/G-9MT-LOGIC_MIXED_MODE28N-HPC+_UM028EFUCP01603218400-MEMORY_TAPE_OUT_KIT-Ver.A02_PB/synopsys/u028efucp01603218400_wc.lib /eda_files/pub/library/umc/umc28hpcplus_vct/09-IP_Category/G-9MT-LOGIC_MIXED_MODE28N-HPC+_UM028EFUCP01603218400-MEMORY_TAPE_OUT_KIT-Ver.A02_PB/synopsys/u028efucp01603218400_wcl.lib /eda_files/pub/library/umc/umc28hpcplus_vct/09-IP_Category/G-9MT-LOGIC_MIXED_MODE28N-HPC+_UM028EFUCP01603218400-MEMORY_TAPE_OUT_KIT-Ver.A02_PB/synopsys/u028efucp01603218400_wcz.lib
foreach lib $all_libs {
	read_lib $lib
	set ip_name [get_object_name  [get_lib *]]
	regexp ".*${ip_name}_(.*).lib" $lib a corner
	write_lib -format db -output ${ip_name}_$corner.db $ip_name 
	close_lib -all
}
Reading '/eda_files/pub/library/umc/umc28hpcplus_vct/09-IP_Category/G-9MT-LOGIC_MIXED_MODE28N-HPC+_UM028EFUCP01603218400-MEMORY_TAPE_OUT_KIT-Ver.A02_PB/synopsys/u028efucp01603218400_bc.lib' ...
Technology library 'u028efucp01603218400' read successfully
Wrote the 'u028efucp01603218400' library to '/eda_files/proj/ict8810/backend/zhurourou/work/lib2db/efuse/u028efucp01603218400_bc.db' successfully
Closing all libraries...
Reading '/eda_files/pub/library/umc/umc28hpcplus_vct/09-IP_Category/G-9MT-LOGIC_MIXED_MODE28N-HPC+_UM028EFUCP01603218400-MEMORY_TAPE_OUT_KIT-Ver.A02_PB/synopsys/u028efucp01603218400_lt.lib' ...
Warning: Overwriting an old technology library '/eda_files/pub/library/umc/umc28hpcplus_vct/09-IP_Category/G-9MT-LOGIC_MIXED_MODE28N-HPC+_UM028EFUCP01603218400-MEMORY_TAPE_OUT_KIT-Ver.A02_PB/synopsys/u028efucp01603218400.db' file with a new one. (UIL-2)
Wrote the 'u028efucp01603218400' library to '/eda_files/proj/ict8810/backend/zhurourou/work/lib2db/efuse/u028efucp01603218400_lt.db' successfully
Closing all libraries...
Reading '/eda_files/pub/library/umc/umc28hpcplus_vct/09-IP_Category/G-9MT-LOGIC_MIXED_MODE28N-HPC+_UM028EFUCP01603218400-MEMORY_TAPE_OUT_KIT-Ver.A02_PB/synopsys/u028efucp01603218400_ml.lib' ...
Warning: Overwriting an old technology library '/eda_files/pub/library/umc/umc28hpcplus_vct/09-IP_Category/G-9MT-LOGIC_MIXED_MODE28N-HPC+_UM028EFUCP01603218400-MEMORY_TAPE_OUT_KIT-Ver.A02_PB/synopsys/u028efucp01603218400.db' file with a new one. (UIL-2)
Wrote the 'u028efucp01603218400' library to '/eda_files/proj/ict8810/backend/zhurourou/work/lib2db/efuse/u028efucp01603218400_ml.db' successfully
Closing all libraries...
Reading '/eda_files/pub/library/umc/umc28hpcplus_vct/09-IP_Category/G-9MT-LOGIC_MIXED_MODE28N-HPC+_UM028EFUCP01603218400-MEMORY_TAPE_OUT_KIT-Ver.A02_PB/synopsys/u028efucp01603218400_tc.lib' ...
Warning: Overwriting an old technology library '/eda_files/pub/library/umc/umc28hpcplus_vct/09-IP_Category/G-9MT-LOGIC_MIXED_MODE28N-HPC+_UM028EFUCP01603218400-MEMORY_TAPE_OUT_KIT-Ver.A02_PB/synopsys/u028efucp01603218400.db' file with a new one. (UIL-2)
Wrote the 'u028efucp01603218400' library to '/eda_files/proj/ict8810/backend/zhurourou/work/lib2db/efuse/u028efucp01603218400_tc.db' successfully
Closing all libraries...
Reading '/eda_files/pub/library/umc/umc28hpcplus_vct/09-IP_Category/G-9MT-LOGIC_MIXED_MODE28N-HPC+_UM028EFUCP01603218400-MEMORY_TAPE_OUT_KIT-Ver.A02_PB/synopsys/u028efucp01603218400_wc.lib' ...
Warning: Overwriting an old technology library '/eda_files/pub/library/umc/umc28hpcplus_vct/09-IP_Category/G-9MT-LOGIC_MIXED_MODE28N-HPC+_UM028EFUCP01603218400-MEMORY_TAPE_OUT_KIT-Ver.A02_PB/synopsys/u028efucp01603218400.db' file with a new one. (UIL-2)
Wrote the 'u028efucp01603218400' library to '/eda_files/proj/ict8810/backend/zhurourou/work/lib2db/efuse/u028efucp01603218400_wc.db' successfully
Closing all libraries...
Reading '/eda_files/pub/library/umc/umc28hpcplus_vct/09-IP_Category/G-9MT-LOGIC_MIXED_MODE28N-HPC+_UM028EFUCP01603218400-MEMORY_TAPE_OUT_KIT-Ver.A02_PB/synopsys/u028efucp01603218400_wcl.lib' ...
Warning: Overwriting an old technology library '/eda_files/pub/library/umc/umc28hpcplus_vct/09-IP_Category/G-9MT-LOGIC_MIXED_MODE28N-HPC+_UM028EFUCP01603218400-MEMORY_TAPE_OUT_KIT-Ver.A02_PB/synopsys/u028efucp01603218400.db' file with a new one. (UIL-2)
Wrote the 'u028efucp01603218400' library to '/eda_files/proj/ict8810/backend/zhurourou/work/lib2db/efuse/u028efucp01603218400_wcl.db' successfully
Closing all libraries...
Reading '/eda_files/pub/library/umc/umc28hpcplus_vct/09-IP_Category/G-9MT-LOGIC_MIXED_MODE28N-HPC+_UM028EFUCP01603218400-MEMORY_TAPE_OUT_KIT-Ver.A02_PB/synopsys/u028efucp01603218400_wcz.lib' ...
Warning: Overwriting an old technology library '/eda_files/pub/library/umc/umc28hpcplus_vct/09-IP_Category/G-9MT-LOGIC_MIXED_MODE28N-HPC+_UM028EFUCP01603218400-MEMORY_TAPE_OUT_KIT-Ver.A02_PB/synopsys/u028efucp01603218400.db' file with a new one. (UIL-2)
Wrote the 'u028efucp01603218400' library to '/eda_files/proj/ict8810/backend/zhurourou/work/lib2db/efuse/u028efucp01603218400_wcz.db' successfully
Closing all libraries...
#sh rm lc_output.txt
#sh rm lc_command.log
exit
Maximum memory usage for this session: 68.27 MB
CPU usage for this session:      1 seconds (  0.00 hours)
Elapsed time for this session:      2 seconds (  0.00 hours)
Thank you for using Library Compiler.
Memory usage for this session 68 Mbytes.
CPU usage for this session 1 seconds ( 0.00 hours ).

Thank you...
