********************************************************************************
Product   : Virtuoso(R) XStream Out
Program   : @(#)$CDS: strmout version 6.1.8-64b 10/01/2018 19:51 (ip-172-18-22-52) $
          : sub-version  IC6.1.8-64b.83 
Started at: 05-Jun-2024  13:24:53
User Name : be8812
Host Name : ICT-LSF55
Directory : /eda_files/proj/ict8810/backend/be8812
CADENCE Design Systems, Inc.
********************************************************************************
Info: Cellview Rev Num:99,  Tech Rev Num:59

INFO (XSTRM-217): Reading the layer map file, /eda_files/pub/library/umc/umc28hpcplus_vct/09-Foundry_Design_Kit/G-9FD-LOGIC_MIXED_MODE28N-HPC+_UM028FDKHCPC0000OA-FDK-Ver.B10_PB/umc28hpc/umc28hpc.layermap
INFO (XSTRM-162): You have not used the viaMap option. If the OpenAccess design has native oaVia instances, use the -viaMap option for preserving oaVia instances in a Stream Out - Stream In round trip. Using the -viaMap option improves performance and VM usage of applications using the Streamed-In design.  For details on the viaMap option, refer to the "Design Data Translator's Reference" guide for XStream.

Summary of Options :
library                                 be8812pad
strmFile                                /eda_files/proj/ict8810/backend/be8812/gds/L28_BOAC_op1_55_6um_stagger_133X74D3
topCell                                 L28_BOAC_op1_55_6um_stagger_133X74D3
view                                    layout
logFile                                 strmOut.log
techLib                                 umc28hpc
layerMap                                /eda_files/pub/library/umc/umc28hpcplus_vct/09-Foundry_Design_Kit/G-9FD-LOGIC_MIXED_MODE28N-HPC+_UM028FDKHCPC0000OA-FDK-Ver.B10_PB/umc28hpc/umc28hpc.layermap
case                                    Preserve
convertDot                              node
convertPcellPin                         geometry

INFO (XSTRM-223): 1. Translating cellView umc28hpc/AL_M8/layout as STRUCTURE AL_M8_CDNS_717565093980.
INFO (XSTRM-223): 2. Translating cellView be8812pad/L28_BOAC_op1_55_6um_stagger_133X74D3/layout as STRUCTURE L28_BOAC_op1_55_6um_stagger_133X74D3.
INFO (XSTRM-180): You have not used the objectMap option. The design has instance(s) of at least one of following OpenAccess objects: oaBlockage, oaBoundary, oaRow, and oaMarker. Any information about these objects will not be translated into the generated stream file. Use the objectMap option to translate/preserve these objects using XStream. For details on the objectMap option, refer to the "Design Data Translator's Reference" guide for XStream.
INFO (XSTRM-275): Number of vertices in the 'polygon' with starting point (133000, 74300) on layer '60' is 886. This number exceeds the limit, 200, defined by 'maxVertices'. Therefore, XStream Out will chop this 'polygon' into smaller polygons.

Summary of Objects Translated:
	Scalar Instances:                       0
	Array Instances:                        0
	Polygons:                               8
	Paths:                                  0
	Rectangles:                             61
	Lines:                                  0
	Arcs:                                   0
	Donuts:                                 0
	Dots:                                   0
	Ellipses:                               0
	Boundaries:                             0
	Area Blockages:                         0
	Layer Blockages:                        0
	Area Halos:                             0
	Markers:                                0
	Rows:                                   0
	Standard Vias                           1
	Custom Vias:                            0
	CdsGen Vias:                            0
	Pathsegs:                               0
	Text:                                   0
	TextDisplay:                            0
	Cells:                                  2

Elapsed Time: 0.6s   User Time: 0.3s   CPU Time: 0.1s   Peak VM: 31328KB
INFO (XSTRM-234): Translation completed. '0' error(s) and '0' warning(s) found.
